0 info it worked if it ends with ok
1 verbose cli [ '/usr/local/Cellar/node/5.9.0/bin/node',
1 verbose cli   '/usr/local/bin/npm',
1 verbose cli   'start' ]
2 info using npm@3.7.3
3 info using node@v5.9.0
4 verbose run-script [ 'prestart', 'start', 'poststart' ]
5 info lifecycle dynamo-api@0.0.1~prestart: dynamo-api@0.0.1
6 silly lifecycle dynamo-api@0.0.1~prestart: no script for prestart, continuing
7 info lifecycle dynamo-api@0.0.1~start: dynamo-api@0.0.1
8 verbose lifecycle dynamo-api@0.0.1~start: unsafe-perm in lifecycle true
9 verbose lifecycle dynamo-api@0.0.1~start: PATH: /usr/local/lib/node_modules/npm/bin/node-gyp-bin:/Users/ben martin/Documents/Development/AWS/express-api/node_modules/.bin:/usr/local/Cellar/node/5.9.0/bin:/usr/local/bin:/usr/bin:/bin:/usr/sbin:/sbin
10 verbose lifecycle dynamo-api@0.0.1~start: CWD: /Users/ben martin/Documents/Development/AWS/express-api
11 silly lifecycle dynamo-api@0.0.1~start: Args: [ '-c', 'node ./bin/www' ]
12 silly lifecycle dynamo-api@0.0.1~start: Returned: code: 1  signal: null
13 info lifecycle dynamo-api@0.0.1~start: Failed to exec start script
14 verbose stack Error: dynamo-api@0.0.1 start: `node ./bin/www`
14 verbose stack Exit status 1
14 verbose stack     at EventEmitter.<anonymous> (/usr/local/lib/node_modules/npm/lib/utils/lifecycle.js:239:16)
14 verbose stack     at emitTwo (events.js:100:13)
14 verbose stack     at EventEmitter.emit (events.js:185:7)
14 verbose stack     at ChildProcess.<anonymous> (/usr/local/lib/node_modules/npm/lib/utils/spawn.js:24:14)
14 verbose stack     at emitTwo (events.js:100:13)
14 verbose stack     at ChildProcess.emit (events.js:185:7)
14 verbose stack     at maybeClose (internal/child_process.js:850:16)
14 verbose stack     at Process.ChildProcess._handle.onexit (internal/child_process.js:215:5)
15 verbose pkgid dynamo-api@0.0.1
16 verbose cwd /Users/ben martin/Documents/Development/AWS/express-api/models
17 error Darwin 15.2.0
18 error argv "/usr/local/Cellar/node/5.9.0/bin/node" "/usr/local/bin/npm" "start"
19 error node v5.9.0
20 error npm  v3.7.3
21 error code ELIFECYCLE
22 error dynamo-api@0.0.1 start: `node ./bin/www`
22 error Exit status 1
23 error Failed at the dynamo-api@0.0.1 start script 'node ./bin/www'.
23 error Make sure you have the latest version of node.js and npm installed.
23 error If you do, this is most likely a problem with the dynamo-api package,
23 error not with npm itself.
23 error Tell the author that this fails on your system:
23 error     node ./bin/www
23 error You can get information on how to open an issue for this project with:
23 error     npm bugs dynamo-api
23 error Or if that isn't available, you can get their info via:
23 error     npm owner ls dynamo-api
23 error There is likely additional logging output above.
24 verbose exit [ 1, true ]
